<?xml version="1.0" encoding="utf-8"?>
<TestRun id="16411150-fce6-4509-a52e-368b24b8ad56" name="Ryzen@DESKTOP-9H3TDUQ 2025-10-31 21:44:20" runUser="DESKTOP-9H3TDUQ\Ryzen" xmlns="http://microsoft.com/schemas/VisualStudio/TeamTest/2010">
  <Times creation="2025-10-31T21:44:20.2959126-05:00" queuing="2025-10-31T21:44:20.2959129-05:00" start="2025-10-31T21:44:09.9051972-05:00" finish="2025-10-31T21:44:29.9170695-05:00" />
  <TestSettings name="default" id="c3a8565c-dd0b-4f05-9ea5-a264fb2fdca2">
    <Deployment runDeploymentRoot="Ryzen_DESKTOP-9H3TDUQ_2025-10-31_21_44_20" />
  </TestSettings>
  <Results>
    <UnitTestResult executionId="2fdaadce-55d6-4bc4-b09a-3703811c5714" testId="1a36afad-8390-56aa-64f8-363477242de2" testName="BusquedaTecnologia_DevuelveResultados_EnDosNavegadores(&quot;chromium&quot;)" computerName="DESKTOP-9H3TDUQ" duration="00:00:09.9322870" startTime="2025-10-31T21:44:10.3231526-05:00" endTime="2025-10-31T21:44:20.2553690-05:00" testType="13cdc9d9-ddb5-4fa4-a97d-d965ccfc6d4b" outcome="Passed" testListId="8c84fa94-04c1-424b-9868-57a2d4851a1d" relativeResultsDirectory="2fdaadce-55d6-4bc4-b09a-3703811c5714" />
    <UnitTestResult executionId="d7e6941d-972e-47f1-91d8-8bb443c81690" testId="7472bc3b-6f8c-ff47-7ac5-ab6d0e1ce8f0" testName="BusquedaTecnologia_DevuelveResultados_EnDosNavegadores(&quot;webkit&quot;)" computerName="DESKTOP-9H3TDUQ" duration="00:00:09.6128660" startTime="2025-10-31T21:44:20.2569137-05:00" endTime="2025-10-31T21:44:29.8697789-05:00" testType="13cdc9d9-ddb5-4fa4-a97d-d965ccfc6d4b" outcome="Passed" testListId="8c84fa94-04c1-424b-9868-57a2d4851a1d" relativeResultsDirectory="d7e6941d-972e-47f1-91d8-8bb443c81690" />
  </Results>
  <TestDefinitions>
    <UnitTest name="BusquedaTecnologia_DevuelveResultados_EnDosNavegadores(&quot;webkit&quot;)" storage="c:\nueva carpeta\examen-2025-ii-si784-u2-nestorsnibz\tests\uptrepo.uitests\bin\release\net8.0\uptrepo.uitests.dll" id="7472bc3b-6f8c-ff47-7ac5-ab6d0e1ce8f0">
      <Execution id="d7e6941d-972e-47f1-91d8-8bb443c81690" />
      <TestMethod codeBase="C:\Nueva carpeta\examen-2025-ii-si784-u2-NestorSnIbz\tests\UPTRepo.UiTests\bin\Release\net8.0\UPTRepo.UiTests.dll" adapterTypeName="executor://nunit3testexecutor/" className="UPTRepo.UiTests.SearchTests" name="BusquedaTecnologia_DevuelveResultados_EnDosNavegadores(&quot;webkit&quot;)" />
    </UnitTest>
    <UnitTest name="BusquedaTecnologia_DevuelveResultados_EnDosNavegadores(&quot;chromium&quot;)" storage="c:\nueva carpeta\examen-2025-ii-si784-u2-nestorsnibz\tests\uptrepo.uitests\bin\release\net8.0\uptrepo.uitests.dll" id="1a36afad-8390-56aa-64f8-363477242de2">
      <Execution id="2fdaadce-55d6-4bc4-b09a-3703811c5714" />
      <TestMethod codeBase="C:\Nueva carpeta\examen-2025-ii-si784-u2-NestorSnIbz\tests\UPTRepo.UiTests\bin\Release\net8.0\UPTRepo.UiTests.dll" adapterTypeName="executor://nunit3testexecutor/" className="UPTRepo.UiTests.SearchTests" name="BusquedaTecnologia_DevuelveResultados_EnDosNavegadores(&quot;chromium&quot;)" />
    </UnitTest>
  </TestDefinitions>
  <TestEntries>
    <TestEntry testId="1a36afad-8390-56aa-64f8-363477242de2" executionId="2fdaadce-55d6-4bc4-b09a-3703811c5714" testListId="8c84fa94-04c1-424b-9868-57a2d4851a1d" />
    <TestEntry testId="7472bc3b-6f8c-ff47-7ac5-ab6d0e1ce8f0" executionId="d7e6941d-972e-47f1-91d8-8bb443c81690" testListId="8c84fa94-04c1-424b-9868-57a2d4851a1d" />
  </TestEntries>
  <TestLists>
    <TestList name="Resultados sin formato de lista" id="8c84fa94-04c1-424b-9868-57a2d4851a1d" />
    <TestList name="Todos los resultados cargados" id="19431567-8539-422a-85d7-44ee4e166bda" />
  </TestLists>
  <ResultSummary outcome="Completed">
    <Counters total="2" executed="2" passed="2" failed="0" error="0" timeout="0" aborted="0" inconclusive="0" passedButRunAborted="0" notRunnable="0" notExecuted="0" disconnected="0" warning="0" completed="0" inProgress="0" pending="0" />
    <Output>
      <StdOut>NUnit Adapter 4.5.0.0: Test execution started&#xD;
Running all tests in C:\Nueva carpeta\examen-2025-ii-si784-u2-NestorSnIbz\tests\UPTRepo.UiTests\bin\Release\net8.0\UPTRepo.UiTests.dll&#xD;
   NUnit3TestExecutor discovered 2 of 2 NUnit test cases using Current Discovery mode, Non-Explicit run&#xD;
NUnit Adapter 4.5.0.0: Test execution complete&#xD;
</StdOut>
    </Output>
  </ResultSummary>
</TestRun>